Mono path[0] = '/home/dae/Games/unitystation/Tutorial/Tutorial-1.0.9/Build1_Data/Managed'
Mono config path = '/home/dae/Games/unitystation/Tutorial/Tutorial-1.0.9/Build1_Data/MonoBleedingEdge/etc'
Preloaded 'FirebaseCppApp-7_2_0.so'
Preloaded 'libenet.so'
Preloaded 'sunvox.so'
Unable to preload the following plugins:
	FirebaseCppAuth.so
	FirebaseCppFirestore.so
	FirebaseCppStorage.so
Display 0 '0': 1920x1080 (primary device).
Display 1 'SyncMaster 20"': 1050x1680 (secondary device).
Desktop is 1920 x 1080 @ 60 Hz
Initialize engine version: 2021.3.19f1 (c9714fde33b6)
[Subsystems] Discovering subsystems at path /home/dae/Games/unitystation/Tutorial/Tutorial-1.0.9/Build1_Data/UnitySubsystems
GfxDevice: creating device client; threaded=1; jobified=1
Renderer: Mesa Intel(R) HD Graphics 530 (SKL GT2)
Vendor:   Intel
Version:  4.6 (Core Profile) Mesa 23.3~git2310160600.ccdea7~oibaf~j (git-ccdea7b 2023-10-16 jammy-oibaf-ppa)
GLES:     0
 GL_3DFX_texture_compression_FXT1 GL_AMD_conservative_depth GL_AMD_depth_clamp_separate GL_AMD_draw_buffers_blend GL_AMD_gpu_shader_int64 GL_AMD_multi_draw_indirect GL_AMD_performance_monitor GL_AMD_pinned_memory GL_AMD_query_buffer_object GL_AMD_seamless_cubemap_per_texture GL_AMD_shader_stencil_export GL_AMD_shader_trinary_minmax GL_AMD_texture_texture4 GL_AMD_vertex_shader_layer GL_AMD_vertex_shader_viewport_index GL_ANGLE_texture_compression_dxt3 GL_ANGLE_texture_compression_dxt5 GL_ARB_ES2_compatibility GL_ARB_ES3_1_compatibility GL_ARB_ES3_2_compatibility GL_ARB_ES3_compatibility GL_ARB_arrays_of_arrays GL_ARB_base_instance GL_ARB_blend_func_extended GL_ARB_buffer_storage GL_ARB_clear_buffer_object GL_ARB_clear_texture GL_ARB_clip_control GL_ARB_compressed_texture_pixel_storage GL_ARB_compute_shader GL_ARB_compute_variable_group_size GL_ARB_conditional_render_inverted GL_ARB_conservative_depth GL_ARB_copy_buffer GL_ARB_copy_image GL_ARB_cull_distance GL_ARB_debug_output GL_ARB_depth_buffer_float GL_ARB
_depth_clamp GL_ARB_derivative_control GL_ARB_direct_state_access GL_ARB_draw_buffers GL_ARB_draw_buffers_blend GL_ARB_draw_elements_base_vertex GL_ARB_draw_indirect GL_ARB_draw_instanced GL_ARB_enhanced_layouts GL_ARB_explicit_attrib_location GL_ARB_explicit_uniform_location GL_ARB_fragment_coord_conventions GL_ARB_fragment_layer_viewport GL_ARB_fragment_shader GL_ARB_fragment_shader_interlock GL_ARB_framebuffer_no_attachments GL_ARB_framebuffer_object GL_ARB_framebuffer_sRGB GL_ARB_get_program_binary GL_ARB_get_texture_sub_image GL_ARB_gl_spirv GL_ARB_gpu_shader5 GL_ARB_gpu_shader_fp64 GL_ARB_gpu_shader_int64 GL_ARB_half_float_pixel GL_ARB_half_float_vertex GL_ARB_indirect_parameters GL_ARB_instanced_arrays GL_ARB_internalformat_query GL_ARB_internalformat_query2 GL_ARB_invalidate_subdata GL_ARB_map_buffer_alignment GL_ARB_map_buffer_range GL_ARB_multi_bind GL_ARB_multi_draw_indirect GL_ARB_occlusion_query2 GL_ARB_parallel_shader_compile GL_ARB_pipeline_statistics_query GL_ARB_pixel_buffer_object GL_ARB_po
int_sprite GL_ARB_polygon_offset_clamp GL_ARB_post_depth_coverage GL_ARB_program_interface_query GL_ARB_provoking_vertex GL_ARB_query_buffer_object GL_ARB_robust_buffer_access_behavior GL_ARB_robustness GL_ARB_sample_shading GL_ARB_sampler_objects GL_ARB_seamless_cube_map GL_ARB_seamless_cubemap_per_texture GL_ARB_separate_shader_objects GL_ARB_shader_atomic_counter_ops GL_ARB_shader_atomic_counters GL_ARB_shader_ballot GL_ARB_shader_bit_encoding GL_ARB_shader_clock GL_ARB_shader_draw_parameters GL_ARB_shader_group_vote GL_ARB_shader_image_load_store GL_ARB_shader_image_size GL_ARB_shader_objects GL_ARB_shader_precision GL_ARB_shader_stencil_export GL_ARB_shader_storage_buffer_object GL_ARB_shader_subroutine GL_ARB_shader_texture_image_samples GL_ARB_shader_texture_lod GL_ARB_shader_viewport_layer_array GL_ARB_shading_language_420pack GL_ARB_shading_language_include GL_ARB_shading_language_packing GL_ARB_spirv_extensions GL_ARB_stencil_texturing GL_ARB_sync GL_ARB_tessellation_shader GL_ARB_texture_barrier G
L_ARB_texture_border_clamp GL_ARB_texture_buffer_object GL_ARB_texture_buffer_object_rgb32 GL_ARB_texture_buffer_range GL_ARB_texture_compression_bptc GL_ARB_texture_compression_rgtc GL_ARB_texture_cube_map_array GL_ARB_texture_filter_anisotropic GL_ARB_texture_float GL_ARB_texture_gather GL_ARB_texture_mirror_clamp_to_edge GL_ARB_texture_multisample GL_ARB_texture_non_power_of_two GL_ARB_texture_query_levels GL_ARB_texture_query_lod GL_ARB_texture_rectangle GL_ARB_texture_rg GL_ARB_texture_rgb10_a2ui GL_ARB_texture_stencil8 GL_ARB_texture_storage GL_ARB_texture_storage_multisample GL_ARB_texture_swizzle GL_ARB_texture_view GL_ARB_timer_query GL_ARB_transform_feedback2 GL_ARB_transform_feedback3 GL_ARB_transform_feedback_instanced GL_ARB_transform_feedback_overflow_query GL_ARB_uniform_buffer_object GL_ARB_vertex_array_bgra GL_ARB_vertex_array_object GL_ARB_vertex_attrib_64bit GL_ARB_vertex_attrib_binding GL_ARB_vertex_buffer_object GL_ARB_vertex_shader GL_ARB_vertex_type_10f_11f_11f_rev GL_ARB_vertex_type_2
_10_10_10_rev GL_ARB_viewport_array GL_ATI_blend_equation_separate GL_ATI_texture_float GL_EXT_EGL_image_storage GL_EXT_EGL_sync GL_EXT_abgr GL_EXT_blend_equation_separate GL_EXT_debug_label GL_EXT_demote_to_helper_invocation GL_EXT_draw_buffers2 GL_EXT_draw_instanced GL_EXT_framebuffer_blit GL_EXT_framebuffer_multisample GL_EXT_framebuffer_multisample_blit_scaled GL_EXT_framebuffer_object GL_EXT_framebuffer_sRGB GL_EXT_memory_object GL_EXT_memory_object_fd GL_EXT_packed_depth_stencil GL_EXT_packed_float GL_EXT_pixel_buffer_object GL_EXT_polygon_offset_clamp GL_EXT_provoking_vertex GL_EXT_semaphore GL_EXT_semaphore_fd GL_EXT_shader_framebuffer_fetch GL_EXT_shader_framebuffer_fetch_non_coherent GL_EXT_shader_integer_mix GL_EXT_shader_samples_identical GL_EXT_texture_array GL_EXT_texture_compression_dxt1 GL_EXT_texture_compression_rgtc GL_EXT_texture_compression_s3tc GL_EXT_texture_filter_anisotropic GL_EXT_texture_integer GL_EXT_texture_sRGB GL_EXT_texture_sRGB_R8 GL_EXT_texture_sRGB_decode GL_EXT_texture_sha
dow_lod GL_EXT_texture_shared_exponent GL_EXT_texture_snorm GL_EXT_texture_swizzle GL_EXT_timer_query GL_EXT_transform_feedback GL_EXT_vertex_array_bgra GL_EXT_vertex_attrib_64bit GL_IBM_multimode_draw_arrays GL_INTEL_blackhole_render GL_INTEL_conservative_rasterization GL_INTEL_performance_query GL_INTEL_shader_atomic_float_minmax GL_INTEL_shader_integer_functions2 GL_KHR_blend_equation_advanced GL_KHR_blend_equation_advanced_coherent GL_KHR_context_flush_control GL_KHR_debug GL_KHR_no_error GL_KHR_parallel_shader_compile GL_KHR_robust_buffer_access_behavior GL_KHR_robustness GL_KHR_texture_compression_astc_ldr GL_KHR_texture_compression_astc_sliced_3d GL_MESA_framebuffer_flip_y GL_MESA_pack_invert GL_MESA_shader_integer_functions GL_MESA_texture_const_bandwidth GL_MESA_texture_signed_rgba GL_NV_alpha_to_coverage_dither_control GL_NV_compute_shader_derivatives GL_NV_conditional_render GL_NV_copy_image GL_NV_depth_clamp GL_NV_fragment_shader_interlock GL_NV_packed_depth_stencil GL_NV_texture_barrier GL_OES_E
GL_image GL_S3_s3tc
OPENGL LOG: Creating OpenGL 4.6 graphics device ; Context level  <OpenGL 4.5> ; Context handle 19418832
Begin MonoManager ReloadAssembly
- Completed reload, in  0.115 seconds
Default vsync count 1
requesting resize 1920 x 1080
Using native desktop resolution 1920 x 1080
requesting fullscreen 1920 x 1080 at 0 Hz
Desktop is 1920 x 1080 @ 60 Hz
UnloadTime: 1.110481 ms
Unloading 6 Unused Serialized files (Serialized files now loaded: 0)
Shader 'Light2D/Light 20 Points': fallback shader 'Light2D/Light 1 Point' not found
ScriptableObjects.Atmospherics.GasesSingleton SO took 58 ms to find! Try to serialize a reference to this SO singleton instead!
SpriteAtlasManager.atlasRequested wasn't listened to while BigBoss requested.
UnloadTime: 27.791352 ms
CommonSounds SO took 60 ms to find! Try to serialize a reference to this SO singleton instead!
ScriptableObjects.ChemistryReagentsSO SO took 2238 ms to find! Try to serialize a reference to this SO singleton instead!
NullReferenceException: Object reference not set to an instance of an object
  at UI.Systems.Ghost.UI_GhostOptions.DetermineGhostHearText () [0x0000b] in <790bf1e347f6440fa2ce9696a3f58470>:0 
  at UI.Systems.Ghost.UI_GhostOptions.OnEnable () [0x0002e] in <790bf1e347f6440fa2ce9696a3f58470>:0 

Build Version is: 3921. Offline mode
DontDestroyOnLoad only works for root GameObjects or components on root GameObjects.
Unloading 28 unused Assets to reduce memory usage. Loaded Objects now: 338215.
Total: 444.302778 ms (FindLiveObjects: 18.656793 ms CreateObjectMapping: 42.249063 ms MarkObjects: 382.801230 ms  DeleteObjects: 0.594697 ms)

Unloading 3 Unused Serialized files (Serialized files now loaded: 0)
Unloading 0 unused Assets to reduce memory usage. Loaded Objects now: 338303.
Total: 438.455911 ms (FindLiveObjects: 16.707106 ms CreateObjectMapping: 35.906115 ms MarkObjects: 385.303441 ms  DeleteObjects: 0.538341 ms)

System.Exception: Invalid path in TextDataProvider : '/home/dae/Games/unitystation/Tutorial/Tutorial-1.0.9/Build1_Data/StreamingAssets/aa/settings.json'.
RuntimeData is null.  Please ensure you have built the correct Player Content.
Addressables - Unable to load runtime data at location UnityEngine.ResourceManagement.AsyncOperations.AsyncOperationHandle`1[[UnityEngine.AddressableAssets.Initialization.ResourceManagerRuntimeData, Unity.Addressables, Version=0.0.0.0, Culture=neutral, PublicKeyToken=null]].
OperationException : Addressables - Unable to load runtime data at location UnityEngine.ResourceManagement.AsyncOperations.AsyncOperationHandle`1[[UnityEngine.AddressableAssets.Initialization.ResourceManagerRuntimeData, Unity.Addressables, Version=0.0.0.0, Culture=neutral, PublicKeyToken=null]].
System.FormatException: Input string was not in a correct format.
  at System.Number.ThrowOverflowOrFormatException (System.Boolean overflow, System.String overflowResourceKey) [0x0001a] in <b0b74789f1894dcc9a389d6f5a51da7d>:0 
  at System.Number.ParseDouble (System.ReadOnlySpan`1[T] value, System.Globalization.NumberStyles styles, System.Globalization.NumberFormatInfo info) [0x0007d] in <b0b74789f1894dcc9a389d6f5a51da7d>:0 
  at System.Double.Parse (System.String s) [0x0001a] in <b0b74789f1894dcc9a389d6f5a51da7d>:0 
  at AddressableCatalogueManager.GetCataloguePathStreamingAssets () [0x00109] in <790bf1e347f6440fa2ce9696a3f58470>:0 
  at AddressableCatalogueManager.Initialisation.IInitialise.Initialise () [0x00038] in <790bf1e347f6440fa2ce9696a3f58470>:0 
  at Initialisation.LoadManager.UpdateMe () [0x0004b] in <790bf1e347f6440fa2ce9696a3f58470>:0 
Address is invalid for []
Address is invalid for []
Address is invalid for []
Address is invalid for []
{"Name":"Dae","AiName":"Eva","BodyType":2,"ClothingStyle":0,"BagStyle":2,"PlayerPronoun":2,"Age":19,"Speech":0,"SkinTone":"#ECBCB4","SerialisedBodyPartCustom":[{"path":"/HumanHead/Facial Hair","Data":"{@£color@£:@£#AB7CB9@£,@£Chosen@£:0}"},{"path":"/HumanHead/Hair","Data":"{@£color@£:@£#000000@£,@£Chosen@£:20}"},{"path":"/HumanHead/Eyes","Data":"#597D4B"}],"SerialisedExternalCustom":[{"Key":"PlayerUnderShirt","SerialisedValue":{"SelectedName":"Sports Bra (Alt)","Colour":"#363636"}},{"Key":"PlayerUnderWear","SerialisedValue":{"SelectedName":"Ladies' Black Neko","Colour":"#FFFFFF"}},{"Key":"PlayerSocks","SerialisedValue":{"SelectedName":"Knee-high (Black)","Colour":"#757575"}}],"Species":"Human","JobPreferences":{"JANITOR":2,"BOTANIST":2,"AI":2,"CARGOTECH":1,"MINER":1,"SECURITY_OFFICER":2,"ENGINEER":1,"HOP":3},"AntagPreferences":{"Nuclear Operative":false,"Traitor":false,"Wizard":false,"Blob":true}}
MusicManager failed to load a song, is Addressables loaded?
MusicManager failed to load a song, is Addressables loaded?
MusicManager failed to load a song, is Addressables loaded?
MusicManager failed to load a song, is Addressables loaded?
MusicManager failed to load a song, is Addressables loaded?
MusicManager failed to load a song, is Addressables loaded?
Can't find command: ##
MusicManager failed to load a song, is Addressables loaded?
MusicManager failed to load a song, is Addressables loaded?
MusicManager failed to load a song, is Addressables loaded?
MusicManager failed to load a song, is Addressables loaded?
MusicManager failed to load a song, is Addressables loaded?
MusicManager failed to load a song, is Addressables loaded?
Can't find command: Login
MusicManager failed to load a song, is Addressables loaded?
MusicManager failed to load a song, is Addressables loaded?
MusicManager failed to load a song, is Addressables loaded?
MusicManager failed to load a song, is Addressables loaded?
MusicManager failed to load a song, is Addressables loaded?
Can't find command: #login
MusicManager failed to load a song, is Addressables loaded?
MusicManager failed to load a song, is Addressables loaded?
MusicManager failed to load a song, is Addressables loaded?
MusicManager failed to load a song, is Addressables loaded?
MusicManager failed to load a song, is Addressables loaded?
MusicManager failed to load a song, is Addressables loaded?
MusicManager failed to load a song, is Addressables loaded?
MusicManager failed to load a song, is Addressables loaded?
MusicManager failed to load a song, is Addressables loaded?
Can't find command: #TutorialButton
MusicManager failed to load a song, is Addressables loaded?
MusicManager failed to load a song, is Addressables loaded?
MusicManager failed to load a song, is Addressables loaded?
MusicManager failed to load a song, is Addressables loaded?
MusicManager failed to load a song, is Addressables loaded?
MusicManager failed to load a song, is Addressables loaded?
MusicManager failed to load a song, is Addressables loaded?
MusicManager failed to load a song, is Addressables loaded?
MusicManager failed to load a song, is Addressables loaded?
MusicManager failed to load a song, is Addressables loaded?
MusicManager failed to load a song, is Addressables loaded?
MusicManager failed to load a song, is Addressables loaded?
MusicManager failed to load a song, is Addressables loaded?
Can't find command: #TutorialFrench
Ignorance: Setting up ring buffers if they're not already created. If they are already, this step will be skipped.
Ignorance: Server instance worker thread successfully initialized ENet.
FormatException: Input string was not in a correct format.
  at System.Number.ThrowOverflowOrFormatException (System.Boolean overflow, System.String overflowResourceKey) [0x0001a] in <b0b74789f1894dcc9a389d6f5a51da7d>:0 
  at System.Number.ParseDouble (System.ReadOnlySpan`1[T] value, System.Globalization.NumberStyles styles, System.Globalization.NumberFormatInfo info) [0x0007d] in <b0b74789f1894dcc9a389d6f5a51da7d>:0 
  at System.Double.Parse (System.String s) [0x0001a] in <b0b74789f1894dcc9a389d6f5a51da7d>:0 
  at AddressableCatalogueManager.GetCataloguePathStreamingAssets () [0x00109] in <790bf1e347f6440fa2ce9696a3f58470>:0 
  at AddressableCatalogueManager.LoadHostCatalogues () [0x00014] in <790bf1e347f6440fa2ce9696a3f58470>:0 
  at CustomNetworkManager+<WaitForInitialisation>d__32.MoveNext () [0x0006b] in <790bf1e347f6440fa2ce9696a3f58470>:0 
  at UnityEngine.SetupCoroutine.InvokeMoveNext (System.Collections.IEnumerator enumerator, System.IntPtr returnValueAddress) [0x00026] in <799d47ea3fd1460380efad1aacedaf7c>:0 

MusicManager failed to load a song, is Addressables loaded?
Unloading 6 Unused Serialized files (Serialized files now loaded: 0)
UnloadTime: 7.958273 ms
Only one InterestManagement component allowed. Core.Networking.CustomInterestManagement has been set up already.
Only one InterestManagement component allowed. Core.Networking.CustomInterestManagement has been set up already.
NetworkClient Send with no connection
Cannot play sound! Sound is null!
A client has been authenticated and has joined. Address: localhost.
Unloading 18 unused Assets to reduce memory usage. Loaded Objects now: 338549.
Total: 393.521380 ms (FindLiveObjects: 19.104041 ms CreateObjectMapping: 39.836288 ms MarkObjects: 333.962175 ms  DeleteObjects: 0.618131 ms)

Unloading 0 Unused Serialized files (Serialized files now loaded: 0)
Unloading 11 unused Assets to reduce memory usage. Loaded Objects now: 338549.
Total: 396.699090 ms (FindLiveObjects: 18.792642 ms CreateObjectMapping: 40.865327 ms MarkObjects: 336.468047 ms  DeleteObjects: 0.572339 ms)

MusicManager failed to load a song, is Addressables loaded?
MusicManager failed to load a song, is Addressables loaded?
NullReferenceException: Object reference not set to an instance of an object
  at Systems.Atmospherics.AtmosManager.Stop () [0x00000] in <790bf1e347f6440fa2ce9696a3f58470>:0 
  at Systems.Atmospherics.AtmosManager.OnDisable () [0x00012] in <790bf1e347f6440fa2ce9696a3f58470>:0 
UnityEngine.Object:Destroy(Object, Single)
UnityEngine.Object:Destroy(Object)
Shared.Managers.SingletonManager`1:Awake()
Systems.Atmospherics.AtmosManager:Awake()

NullReferenceException: Object reference not set to an instance of an object
  at Systems.Radiation.RadiationManager.OnDisable () [0x00012] in <790bf1e347f6440fa2ce9696a3f58470>:0 
UnityEngine.Object:Destroy(Object, Single)
UnityEngine.Object:Destroy(Object)
Shared.Managers.SingletonManager`1:Awake()
Systems.Radiation.RadiationManager:Awake()

DirectoryNotFoundException: Could not find a part of the path "/home/dae/.config/unity3d/Unitystation/unitystation/StreamingAssets/languages/Lang_Bot_French.xml".
  at System.IO.FileStream..ctor (System.String path, System.IO.FileMode mode, System.IO.FileAccess access, System.IO.FileShare share, System.Int32 bufferSize, System.Boolean anonymous, System.IO.FileOptions options) [0x00164] in <b0b74789f1894dcc9a389d6f5a51da7d>:0 
  at System.IO.FileStream..ctor (System.String path, System.IO.FileMode mode, System.IO.FileAccess access, System.IO.FileShare share, System.Int32 bufferSize) [0x00000] in <b0b74789f1894dcc9a389d6f5a51da7d>:0 
  at (wrapper remoting-invoke-with-check) System.IO.FileStream..ctor(string,System.IO.FileMode,System.IO.FileAccess,System.IO.FileShare,int)
  at System.Xml.XmlDownloadManager.GetStream (System.Uri uri, System.Net.ICredentials credentials, System.Net.IWebProxy proxy, System.Net.Cache.RequestCachePolicy cachePolicy) [0x00018] in <8828724d1b084285bb39598572eba5ed>:0 
  at System.Xml.XmlUrlResolver.GetEntity (System.Uri absoluteUri, System.String role, System.Type ofObjectToReturn) [0x00032] in <8828724d1b084285bb39598572eba5ed>:0 
  at System.Xml.XmlTextReaderImpl.OpenUrlDelegate (System.Object xmlResolver) [0x0000c] in <8828724d1b084285bb39598572eba5ed>:0 
  at System.Xml.XmlTextReaderImpl.OpenUrl () [0x0005e] in <8828724d1b084285bb39598572eba5ed>:0 
  at System.Xml.XmlTextReaderImpl.Read () [0x00093] in <8828724d1b084285bb39598572eba5ed>:0 
  at System.Xml.XmlLoader.Load (System.Xml.XmlDocument doc, System.Xml.XmlReader reader, System.Boolean preserveWhitespace) [0x000a6] in <8828724d1b084285bb39598572eba5ed>:0 
  at System.Xml.XmlDocument.Load (System.Xml.XmlReader reader) [0x0002e] in <8828724d1b084285bb39598572eba5ed>:0 
  at System.Xml.XmlDocument.Load (System.String filename) [0x00013] in <8828724d1b084285bb39598572eba5ed>:0 
  at Lang_Bot.SetLanguage (System.String path, System.String language) [0x00005] in <790bf1e347f6440fa2ce9696a3f58470>:0 
  at Lang_Bot..ctor (System.String path, System.String language) [0x00006] in <790bf1e347f6440fa2ce9696a3f58470>:0 
  at Tutorial.Start () [0x00023] in <790bf1e347f6440fa2ce9696a3f58470>:0 

DirectoryNotFoundException: Could not find a part of the path "/home/dae/.config/unity3d/Unitystation/unitystation/StreamingAssets/languages/Lang_Bot_French.xml".
  at System.IO.FileStream..ctor (System.String path, System.IO.FileMode mode, System.IO.FileAccess access, System.IO.FileShare share, System.Int32 bufferSize, System.Boolean anonymous, System.IO.FileOptions options) [0x00164] in <b0b74789f1894dcc9a389d6f5a51da7d>:0 
  at System.IO.FileStream..ctor (System.String path, System.IO.FileMode mode, System.IO.FileAccess access, System.IO.FileShare share, System.Int32 bufferSize) [0x00000] in <b0b74789f1894dcc9a389d6f5a51da7d>:0 
  at (wrapper remoting-invoke-with-check) System.IO.FileStream..ctor(string,System.IO.FileMode,System.IO.FileAccess,System.IO.FileShare,int)
  at System.Xml.XmlDownloadManager.GetStream (System.Uri uri, System.Net.ICredentials credentials, System.Net.IWebProxy proxy, System.Net.Cache.RequestCachePolicy cachePolicy) [0x00018] in <8828724d1b084285bb39598572eba5ed>:0 
  at System.Xml.XmlUrlResolver.GetEntity (System.Uri absoluteUri, System.String role, System.Type ofObjectToReturn) [0x00032] in <8828724d1b084285bb39598572eba5ed>:0 
  at System.Xml.XmlTextReaderImpl.OpenUrlDelegate (System.Object xmlResolver) [0x0000c] in <8828724d1b084285bb39598572eba5ed>:0 
  at System.Xml.XmlTextReaderImpl.OpenUrl () [0x0005e] in <8828724d1b084285bb39598572eba5ed>:0 
  at System.Xml.XmlTextReaderImpl.Read () [0x00093] in <8828724d1b084285bb39598572eba5ed>:0 
  at System.Xml.XmlLoader.Load (System.Xml.XmlDocument doc, System.Xml.XmlReader reader, System.Boolean preserveWhitespace) [0x000a6] in <8828724d1b084285bb39598572eba5ed>:0 
  at System.Xml.XmlDocument.Load (System.Xml.XmlReader reader) [0x0002e] in <8828724d1b084285bb39598572eba5ed>:0 
  at System.Xml.XmlDocument.Load (System.String filename) [0x00013] in <8828724d1b084285bb39598572eba5ed>:0 
  at Lang_Bot.SetLanguage (System.String path, System.String language) [0x00005] in <790bf1e347f6440fa2ce9696a3f58470>:0 
  at Lang_Bot..ctor (System.String path, System.String language) [0x00006] in <790bf1e347f6440fa2ce9696a3f58470>:0 
  at Tutorial.Start () [0x00023] in <790bf1e347f6440fa2ce9696a3f58470>:0 

DirectoryNotFoundException: Could not find a part of the path "/home/dae/.config/unity3d/Unitystation/unitystation/StreamingAssets/languages/Lang_Bot_French.xml".
  at System.IO.FileStream..ctor (System.String path, System.IO.FileMode mode, System.IO.FileAccess access, System.IO.FileShare share, System.Int32 bufferSize, System.Boolean anonymous, System.IO.FileOptions options) [0x00164] in <b0b74789f1894dcc9a389d6f5a51da7d>:0 
  at System.IO.FileStream..ctor (System.String path, System.IO.FileMode mode, System.IO.FileAccess access, System.IO.FileShare share, System.Int32 bufferSize) [0x00000] in <b0b74789f1894dcc9a389d6f5a51da7d>:0 
  at (wrapper remoting-invoke-with-check) System.IO.FileStream..ctor(string,System.IO.FileMode,System.IO.FileAccess,System.IO.FileShare,int)
  at System.Xml.XmlDownloadManager.GetStream (System.Uri uri, System.Net.ICredentials credentials, System.Net.IWebProxy proxy, System.Net.Cache.RequestCachePolicy cachePolicy) [0x00018] in <8828724d1b084285bb39598572eba5ed>:0 
  at System.Xml.XmlUrlResolver.GetEntity (System.Uri absoluteUri, System.String role, System.Type ofObjectToReturn) [0x00032] in <8828724d1b084285bb39598572eba5ed>:0 
  at System.Xml.XmlTextReaderImpl.OpenUrlDelegate (System.Object xmlResolver) [0x0000c] in <8828724d1b084285bb39598572eba5ed>:0 
  at System.Xml.XmlTextReaderImpl.OpenUrl () [0x0005e] in <8828724d1b084285bb39598572eba5ed>:0 
  at System.Xml.XmlTextReaderImpl.Read () [0x00093] in <8828724d1b084285bb39598572eba5ed>:0 
  at System.Xml.XmlLoader.Load (System.Xml.XmlDocument doc, System.Xml.XmlReader reader, System.Boolean preserveWhitespace) [0x000a6] in <8828724d1b084285bb39598572eba5ed>:0 
  at System.Xml.XmlDocument.Load (System.Xml.XmlReader reader) [0x0002e] in <8828724d1b084285bb39598572eba5ed>:0 
  at System.Xml.XmlDocument.Load (System.String filename) [0x00013] in <8828724d1b084285bb39598572eba5ed>:0 
  at Lang_Bot.SetLanguage (System.String path, System.String language) [0x00005] in <790bf1e347f6440fa2ce9696a3f58470>:0 
  at Lang_Bot..ctor (System.String path, System.String language) [0x00006] in <790bf1e347f6440fa2ce9696a3f58470>:0 
  at Tutorial.Start () [0x00023] in <790bf1e347f6440fa2ce9696a3f58470>:0 

DirectoryNotFoundException: Could not find a part of the path "/home/dae/.config/unity3d/Unitystation/unitystation/StreamingAssets/languages/Lang_Bot_French.xml".
  at System.IO.FileStream..ctor (System.String path, System.IO.FileMode mode, System.IO.FileAccess access, System.IO.FileShare share, System.Int32 bufferSize, System.Boolean anonymous, System.IO.FileOptions options) [0x00164] in <b0b74789f1894dcc9a389d6f5a51da7d>:0 
  at System.IO.FileStream..ctor (System.String path, System.IO.FileMode mode, System.IO.FileAccess access, System.IO.FileShare share, System.Int32 bufferSize) [0x00000] in <b0b74789f1894dcc9a389d6f5a51da7d>:0 
  at (wrapper remoting-invoke-with-check) System.IO.FileStream..ctor(string,System.IO.FileMode,System.IO.FileAccess,System.IO.FileShare,int)
  at System.Xml.XmlDownloadManager.GetStream (System.Uri uri, System.Net.ICredentials credentials, System.Net.IWebProxy proxy, System.Net.Cache.RequestCachePolicy cachePolicy) [0x00018] in <8828724d1b084285bb39598572eba5ed>:0 
  at System.Xml.XmlUrlResolver.GetEntity (System.Uri absoluteUri, System.String role, System.Type ofObjectToReturn) [0x00032] in <8828724d1b084285bb39598572eba5ed>:0 
  at System.Xml.XmlTextReaderImpl.OpenUrlDelegate (System.Object xmlResolver) [0x0000c] in <8828724d1b084285bb39598572eba5ed>:0 
  at System.Xml.XmlTextReaderImpl.OpenUrl () [0x0005e] in <8828724d1b084285bb39598572eba5ed>:0 
  at System.Xml.XmlTextReaderImpl.Read () [0x00093] in <8828724d1b084285bb39598572eba5ed>:0 
  at System.Xml.XmlLoader.Load (System.Xml.XmlDocument doc, System.Xml.XmlReader reader, System.Boolean preserveWhitespace) [0x000a6] in <8828724d1b084285bb39598572eba5ed>:0 
  at System.Xml.XmlDocument.Load (System.Xml.XmlReader reader) [0x0002e] in <8828724d1b084285bb39598572eba5ed>:0 
  at System.Xml.XmlDocument.Load (System.String filename) [0x00013] in <8828724d1b084285bb39598572eba5ed>:0 
  at Lang_Bot.SetLanguage (System.String path, System.String language) [0x00005] in <790bf1e347f6440fa2ce9696a3f58470>:0 
  at Lang_Bot..ctor (System.String path, System.String language) [0x00006] in <790bf1e347f6440fa2ce9696a3f58470>:0 
  at Tutorial.Start () [0x00023] in <790bf1e347f6440fa2ce9696a3f58470>:0 

DirectoryNotFoundException: Could not find a part of the path "/home/dae/.config/unity3d/Unitystation/unitystation/StreamingAssets/languages/Lang_Bot_French.xml".
  at System.IO.FileStream..ctor (System.String path, System.IO.FileMode mode, System.IO.FileAccess access, System.IO.FileShare share, System.Int32 bufferSize, System.Boolean anonymous, System.IO.FileOptions options) [0x00164] in <b0b74789f1894dcc9a389d6f5a51da7d>:0 
  at System.IO.FileStream..ctor (System.String path, System.IO.FileMode mode, System.IO.FileAccess access, System.IO.FileShare share, System.Int32 bufferSize) [0x00000] in <b0b74789f1894dcc9a389d6f5a51da7d>:0 
  at (wrapper remoting-invoke-with-check) System.IO.FileStream..ctor(string,System.IO.FileMode,System.IO.FileAccess,System.IO.FileShare,int)
  at System.Xml.XmlDownloadManager.GetStream (System.Uri uri, System.Net.ICredentials credentials, System.Net.IWebProxy proxy, System.Net.Cache.RequestCachePolicy cachePolicy) [0x00018] in <8828724d1b084285bb39598572eba5ed>:0 
  at System.Xml.XmlUrlResolver.GetEntity (System.Uri absoluteUri, System.String role, System.Type ofObjectToReturn) [0x00032] in <8828724d1b084285bb39598572eba5ed>:0 
  at System.Xml.XmlTextReaderImpl.OpenUrlDelegate (System.Object xmlResolver) [0x0000c] in <8828724d1b084285bb39598572eba5ed>:0 
  at System.Xml.XmlTextReaderImpl.OpenUrl () [0x0005e] in <8828724d1b084285bb39598572eba5ed>:0 
  at System.Xml.XmlTextReaderImpl.Read () [0x00093] in <8828724d1b084285bb39598572eba5ed>:0 
  at System.Xml.XmlLoader.Load (System.Xml.XmlDocument doc, System.Xml.XmlReader reader, System.Boolean preserveWhitespace) [0x000a6] in <8828724d1b084285bb39598572eba5ed>:0 
  at System.Xml.XmlDocument.Load (System.Xml.XmlReader reader) [0x0002e] in <8828724d1b084285bb39598572eba5ed>:0 
  at System.Xml.XmlDocument.Load (System.String filename) [0x00013] in <8828724d1b084285bb39598572eba5ed>:0 
  at Lang_Bot.SetLanguage (System.String path, System.String language) [0x00005] in <790bf1e347f6440fa2ce9696a3f58470>:0 
  at Lang_Bot..ctor (System.String path, System.String language) [0x00006] in <790bf1e347f6440fa2ce9696a3f58470>:0 
  at Tutorial.Start () [0x00023] in <790bf1e347f6440fa2ce9696a3f58470>:0 

DirectoryNotFoundException: Could not find a part of the path "/home/dae/.config/unity3d/Unitystation/unitystation/StreamingAssets/languages/Lang_Bot_French.xml".
  at System.IO.FileStream..ctor (System.String path, System.IO.FileMode mode, System.IO.FileAccess access, System.IO.FileShare share, System.Int32 bufferSize, System.Boolean anonymous, System.IO.FileOptions options) [0x00164] in <b0b74789f1894dcc9a389d6f5a51da7d>:0 
  at System.IO.FileStream..ctor (System.String path, System.IO.FileMode mode, System.IO.FileAccess access, System.IO.FileShare share, System.Int32 bufferSize) [0x00000] in <b0b74789f1894dcc9a389d6f5a51da7d>:0 
  at (wrapper remoting-invoke-with-check) System.IO.FileStream..ctor(string,System.IO.FileMode,System.IO.FileAccess,System.IO.FileShare,int)
  at System.Xml.XmlDownloadManager.GetStream (System.Uri uri, System.Net.ICredentials credentials, System.Net.IWebProxy proxy, System.Net.Cache.RequestCachePolicy cachePolicy) [0x00018] in <8828724d1b084285bb39598572eba5ed>:0 
  at System.Xml.XmlUrlResolver.GetEntity (System.Uri absoluteUri, System.String role, System.Type ofObjectToReturn) [0x00032] in <8828724d1b084285bb39598572eba5ed>:0 
  at System.Xml.XmlTextReaderImpl.OpenUrlDelegate (System.Object xmlResolver) [0x0000c] in <8828724d1b084285bb39598572eba5ed>:0 
  at System.Xml.XmlTextReaderImpl.OpenUrl () [0x0005e] in <8828724d1b084285bb39598572eba5ed>:0 
  at System.Xml.XmlTextReaderImpl.Read () [0x00093] in <8828724d1b084285bb39598572eba5ed>:0 
  at System.Xml.XmlLoader.Load (System.Xml.XmlDocument doc, System.Xml.XmlReader reader, System.Boolean preserveWhitespace) [0x000a6] in <8828724d1b084285bb39598572eba5ed>:0 
  at System.Xml.XmlDocument.Load (System.Xml.XmlReader reader) [0x0002e] in <8828724d1b084285bb39598572eba5ed>:0 
  at System.Xml.XmlDocument.Load (System.String filename) [0x00013] in <8828724d1b084285bb39598572eba5ed>:0 
  at Lang_Bot.SetLanguage (System.String path, System.String language) [0x00005] in <790bf1e347f6440fa2ce9696a3f58470>:0 
  at Lang_Bot..ctor (System.String path, System.String language) [0x00006] in <790bf1e347f6440fa2ce9696a3f58470>:0 
  at Tutorial.Start () [0x00023] in <790bf1e347f6440fa2ce9696a3f58470>:0 

DirectoryNotFoundException: Could not find a part of the path "/home/dae/.config/unity3d/Unitystation/unitystation/StreamingAssets/languages/Lang_Bot_French.xml".
  at System.IO.FileStream..ctor (System.String path, System.IO.FileMode mode, System.IO.FileAccess access, System.IO.FileShare share, System.Int32 bufferSize, System.Boolean anonymous, System.IO.FileOptions options) [0x00164] in <b0b74789f1894dcc9a389d6f5a51da7d>:0 
  at System.IO.FileStream..ctor (System.String path, System.IO.FileMode mode, System.IO.FileAccess access, System.IO.FileShare share, System.Int32 bufferSize) [0x00000] in <b0b74789f1894dcc9a389d6f5a51da7d>:0 
  at (wrapper remoting-invoke-with-check) System.IO.FileStream..ctor(string,System.IO.FileMode,System.IO.FileAccess,System.IO.FileShare,int)
  at System.Xml.XmlDownloadManager.GetStream (System.Uri uri, System.Net.ICredentials credentials, System.Net.IWebProxy proxy, System.Net.Cache.RequestCachePolicy cachePolicy) [0x00018] in <8828724d1b084285bb39598572eba5ed>:0 
  at System.Xml.XmlUrlResolver.GetEntity (System.Uri absoluteUri, System.String role, System.Type ofObjectToReturn) [0x00032] in <8828724d1b084285bb39598572eba5ed>:0 
  at System.Xml.XmlTextReaderImpl.OpenUrlDelegate (System.Object xmlResolver) [0x0000c] in <8828724d1b084285bb39598572eba5ed>:0 
  at System.Xml.XmlTextReaderImpl.OpenUrl () [0x0005e] in <8828724d1b084285bb39598572eba5ed>:0 
  at System.Xml.XmlTextReaderImpl.Read () [0x00093] in <8828724d1b084285bb39598572eba5ed>:0 
  at System.Xml.XmlLoader.Load (System.Xml.XmlDocument doc, System.Xml.XmlReader reader, System.Boolean preserveWhitespace) [0x000a6] in <8828724d1b084285bb39598572eba5ed>:0 
  at System.Xml.XmlDocument.Load (System.Xml.XmlReader reader) [0x0002e] in <8828724d1b084285bb39598572eba5ed>:0 
  at System.Xml.XmlDocument.Load (System.String filename) [0x00013] in <8828724d1b084285bb39598572eba5ed>:0 
  at Lang_Bot.SetLanguage (System.String path, System.String language) [0x00005] in <790bf1e347f6440fa2ce9696a3f58470>:0 
  at Lang_Bot..ctor (System.String path, System.String language) [0x00006] in <790bf1e347f6440fa2ce9696a3f58470>:0 
  at Tutorial.Start () [0x00023] in <790bf1e347f6440fa2ce9696a3f58470>:0 

DirectoryNotFoundException: Could not find a part of the path "/home/dae/.config/unity3d/Unitystation/unitystation/StreamingAssets/languages/Lang_Bot_French.xml".
  at System.IO.FileStream..ctor (System.String path, System.IO.FileMode mode, System.IO.FileAccess access, System.IO.FileShare share, System.Int32 bufferSize, System.Boolean anonymous, System.IO.FileOptions options) [0x00164] in <b0b74789f1894dcc9a389d6f5a51da7d>:0 
  at System.IO.FileStream..ctor (System.String path, System.IO.FileMode mode, System.IO.FileAccess access, System.IO.FileShare share, System.Int32 bufferSize) [0x00000] in <b0b74789f1894dcc9a389d6f5a51da7d>:0 
  at (wrapper remoting-invoke-with-check) System.IO.FileStream..ctor(string,System.IO.FileMode,System.IO.FileAccess,System.IO.FileShare,int)
  at System.Xml.XmlDownloadManager.GetStream (System.Uri uri, System.Net.ICredentials credentials, System.Net.IWebProxy proxy, System.Net.Cache.RequestCachePolicy cachePolicy) [0x00018] in <8828724d1b084285bb39598572eba5ed>:0 
  at System.Xml.XmlUrlResolver.GetEntity (System.Uri absoluteUri, System.String role, System.Type ofObjectToReturn) [0x00032] in <8828724d1b084285bb39598572eba5ed>:0 
  at System.Xml.XmlTextReaderImpl.OpenUrlDelegate (System.Object xmlResolver) [0x0000c] in <8828724d1b084285bb39598572eba5ed>:0 
  at System.Xml.XmlTextReaderImpl.OpenUrl () [0x0005e] in <8828724d1b084285bb39598572eba5ed>:0 
  at System.Xml.XmlTextReaderImpl.Read () [0x00093] in <8828724d1b084285bb39598572eba5ed>:0 
  at System.Xml.XmlLoader.Load (System.Xml.XmlDocument doc, System.Xml.XmlReader reader, System.Boolean preserveWhitespace) [0x000a6] in <8828724d1b084285bb39598572eba5ed>:0 
  at System.Xml.XmlDocument.Load (System.Xml.XmlReader reader) [0x0002e] in <8828724d1b084285bb39598572eba5ed>:0 
  at System.Xml.XmlDocument.Load (System.String filename) [0x00013] in <8828724d1b084285bb39598572eba5ed>:0 
  at Lang_Bot.SetLanguage (System.String path, System.String language) [0x00005] in <790bf1e347f6440fa2ce9696a3f58470>:0 
  at Lang_Bot..ctor (System.String path, System.String language) [0x00006] in <790bf1e347f6440fa2ce9696a3f58470>:0 
  at Tutorial.Start () [0x00023] in <790bf1e347f6440fa2ce9696a3f58470>:0 

DirectoryNotFoundException: Could not find a part of the path "/home/dae/.config/unity3d/Unitystation/unitystation/StreamingAssets/languages/Lang_Bot_French.xml".
  at System.IO.FileStream..ctor (System.String path, System.IO.FileMode mode, System.IO.FileAccess access, System.IO.FileShare share, System.Int32 bufferSize, System.Boolean anonymous, System.IO.FileOptions options) [0x00164] in <b0b74789f1894dcc9a389d6f5a51da7d>:0 
  at System.IO.FileStream..ctor (System.String path, System.IO.FileMode mode, System.IO.FileAccess access, System.IO.FileShare share, System.Int32 bufferSize) [0x00000] in <b0b74789f1894dcc9a389d6f5a51da7d>:0 
  at (wrapper remoting-invoke-with-check) System.IO.FileStream..ctor(string,System.IO.FileMode,System.IO.FileAccess,System.IO.FileShare,int)
  at System.Xml.XmlDownloadManager.GetStream (System.Uri uri, System.Net.ICredentials credentials, System.Net.IWebProxy proxy, System.Net.Cache.RequestCachePolicy cachePolicy) [0x00018] in <8828724d1b084285bb39598572eba5ed>:0 
  at System.Xml.XmlUrlResolver.GetEntity (System.Uri absoluteUri, System.String role, System.Type ofObjectToReturn) [0x00032] in <8828724d1b084285bb39598572eba5ed>:0 
  at System.Xml.XmlTextReaderImpl.OpenUrlDelegate (System.Object xmlResolver) [0x0000c] in <8828724d1b084285bb39598572eba5ed>:0 
  at System.Xml.XmlTextReaderImpl.OpenUrl () [0x0005e] in <8828724d1b084285bb39598572eba5ed>:0 
  at System.Xml.XmlTextReaderImpl.Read () [0x00093] in <8828724d1b084285bb39598572eba5ed>:0 
  at System.Xml.XmlLoader.Load (System.Xml.XmlDocument doc, System.Xml.XmlReader reader, System.Boolean preserveWhitespace) [0x000a6] in <8828724d1b084285bb39598572eba5ed>:0 
  at System.Xml.XmlDocument.Load (System.Xml.XmlReader reader) [0x0002e] in <8828724d1b084285bb39598572eba5ed>:0 
  at System.Xml.XmlDocument.Load (System.String filename) [0x00013] in <8828724d1b084285bb39598572eba5ed>:0 
  at Lang_Bot.SetLanguage (System.String path, System.String language) [0x00005] in <790bf1e347f6440fa2ce9696a3f58470>:0 
  at Lang_Bot..ctor (System.String path, System.String language) [0x00006] in <790bf1e347f6440fa2ce9696a3f58470>:0 
  at Tutorial.Start () [0x00023] in <790bf1e347f6440fa2ce9696a3f58470>:0 

DirectoryNotFoundException: Could not find a part of the path "/home/dae/.config/unity3d/Unitystation/unitystation/StreamingAssets/languages/Lang_Bot_French.xml".
  at System.IO.FileStream..ctor (System.String path, System.IO.FileMode mode, System.IO.FileAccess access, System.IO.FileShare share, System.Int32 bufferSize, System.Boolean anonymous, System.IO.FileOptions options) [0x00164] in <b0b74789f1894dcc9a389d6f5a51da7d>:0 
  at System.IO.FileStream..ctor (System.String path, System.IO.FileMode mode, System.IO.FileAccess access, System.IO.FileShare share, System.Int32 bufferSize) [0x00000] in <b0b74789f1894dcc9a389d6f5a51da7d>:0 
  at (wrapper remoting-invoke-with-check) System.IO.FileStream..ctor(string,System.IO.FileMode,System.IO.FileAccess,System.IO.FileShare,int)
  at System.Xml.XmlDownloadManager.GetStream (System.Uri uri, System.Net.ICredentials credentials, System.Net.IWebProxy proxy, System.Net.Cache.RequestCachePolicy cachePolicy) [0x00018] in <8828724d1b084285bb39598572eba5ed>:0 
  at System.Xml.XmlUrlResolver.GetEntity (System.Uri absoluteUri, System.String role, System.Type ofObjectToReturn) [0x00032] in <8828724d1b084285bb39598572eba5ed>:0 
  at System.Xml.XmlTextReaderImpl.OpenUrlDelegate (System.Object xmlResolver) [0x0000c] in <8828724d1b084285bb39598572eba5ed>:0 
  at System.Xml.XmlTextReaderImpl.OpenUrl () [0x0005e] in <8828724d1b084285bb39598572eba5ed>:0 
  at System.Xml.XmlTextReaderImpl.Read () [0x00093] in <8828724d1b084285bb39598572eba5ed>:0 
  at System.Xml.XmlLoader.Load (System.Xml.XmlDocument doc, System.Xml.XmlReader reader, System.Boolean preserveWhitespace) [0x000a6] in <8828724d1b084285bb39598572eba5ed>:0 
  at System.Xml.XmlDocument.Load (System.Xml.XmlReader reader) [0x0002e] in <8828724d1b084285bb39598572eba5ed>:0 
  at System.Xml.XmlDocument.Load (System.String filename) [0x00013] in <8828724d1b084285bb39598572eba5ed>:0 
  at Lang_Bot.SetLanguage (System.String path, System.String language) [0x00005] in <790bf1e347f6440fa2ce9696a3f58470>:0 
  at Lang_Bot..ctor (System.String path, System.String language) [0x00006] in <790bf1e347f6440fa2ce9696a3f58470>:0 
  at Tutorial.Start () [0x00023] in <790bf1e347f6440fa2ce9696a3f58470>:0 

DirectoryNotFoundException: Could not find a part of the path "/home/dae/.config/unity3d/Unitystation/unitystation/StreamingAssets/languages/Lang_Bot_French.xml".
  at System.IO.FileStream..ctor (System.String path, System.IO.FileMode mode, System.IO.FileAccess access, System.IO.FileShare share, System.Int32 bufferSize, System.Boolean anonymous, System.IO.FileOptions options) [0x00164] in <b0b74789f1894dcc9a389d6f5a51da7d>:0 
  at System.IO.FileStream..ctor (System.String path, System.IO.FileMode mode, System.IO.FileAccess access, System.IO.FileShare share, System.Int32 bufferSize) [0x00000] in <b0b74789f1894dcc9a389d6f5a51da7d>:0 
  at (wrapper remoting-invoke-with-check) System.IO.FileStream..ctor(string,System.IO.FileMode,System.IO.FileAccess,System.IO.FileShare,int)
  at System.Xml.XmlDownloadManager.GetStream (System.Uri uri, System.Net.ICredentials credentials, System.Net.IWebProxy proxy, System.Net.Cache.RequestCachePolicy cachePolicy) [0x00018] in <8828724d1b084285bb39598572eba5ed>:0 
  at System.Xml.XmlUrlResolver.GetEntity (System.Uri absoluteUri, System.String role, System.Type ofObjectToReturn) [0x00032] in <8828724d1b084285bb39598572eba5ed>:0 
  at System.Xml.XmlTextReaderImpl.OpenUrlDelegate (System.Object xmlResolver) [0x0000c] in <8828724d1b084285bb39598572eba5ed>:0 
  at System.Xml.XmlTextReaderImpl.OpenUrl () [0x0005e] in <8828724d1b084285bb39598572eba5ed>:0 
  at System.Xml.XmlTextReaderImpl.Read () [0x00093] in <8828724d1b084285bb39598572eba5ed>:0 
  at System.Xml.XmlLoader.Load (System.Xml.XmlDocument doc, System.Xml.XmlReader reader, System.Boolean preserveWhitespace) [0x000a6] in <8828724d1b084285bb39598572eba5ed>:0 
  at System.Xml.XmlDocument.Load (System.Xml.XmlReader reader) [0x0002e] in <8828724d1b084285bb39598572eba5ed>:0 
  at System.Xml.XmlDocument.Load (System.String filename) [0x00013] in <8828724d1b084285bb39598572eba5ed>:0 
  at Lang_Bot.SetLanguage (System.String path, System.String language) [0x00005] in <790bf1e347f6440fa2ce9696a3f58470>:0 
  at Lang_Bot..ctor (System.String path, System.String language) [0x00006] in <790bf1e347f6440fa2ce9696a3f58470>:0 
  at Tutorial.Start () [0x00023] in <790bf1e347f6440fa2ce9696a3f58470>:0 

DirectoryNotFoundException: Could not find a part of the path "/home/dae/.config/unity3d/Unitystation/unitystation/StreamingAssets/languages/Lang_Bot_French.xml".
  at System.IO.FileStream..ctor (System.String path, System.IO.FileMode mode, System.IO.FileAccess access, System.IO.FileShare share, System.Int32 bufferSize, System.Boolean anonymous, System.IO.FileOptions options) [0x00164] in <b0b74789f1894dcc9a389d6f5a51da7d>:0 
  at System.IO.FileStream..ctor (System.String path, System.IO.FileMode mode, System.IO.FileAccess access, System.IO.FileShare share, System.Int32 bufferSize) [0x00000] in <b0b74789f1894dcc9a389d6f5a51da7d>:0 
  at (wrapper remoting-invoke-with-check) System.IO.FileStream..ctor(string,System.IO.FileMode,System.IO.FileAccess,System.IO.FileShare,int)
  at System.Xml.XmlDownloadManager.GetStream (System.Uri uri, System.Net.ICredentials credentials, System.Net.IWebProxy proxy, System.Net.Cache.RequestCachePolicy cachePolicy) [0x00018] in <8828724d1b084285bb39598572eba5ed>:0 
  at System.Xml.XmlUrlResolver.GetEntity (System.Uri absoluteUri, System.String role, System.Type ofObjectToReturn) [0x00032] in <8828724d1b084285bb39598572eba5ed>:0 
  at System.Xml.XmlTextReaderImpl.OpenUrlDelegate (System.Object xmlResolver) [0x0000c] in <8828724d1b084285bb39598572eba5ed>:0 
  at System.Xml.XmlTextReaderImpl.OpenUrl () [0x0005e] in <8828724d1b084285bb39598572eba5ed>:0 
  at System.Xml.XmlTextReaderImpl.Read () [0x00093] in <8828724d1b084285bb39598572eba5ed>:0 
  at System.Xml.XmlLoader.Load (System.Xml.XmlDocument doc, System.Xml.XmlReader reader, System.Boolean preserveWhitespace) [0x000a6] in <8828724d1b084285bb39598572eba5ed>:0 
  at System.Xml.XmlDocument.Load (System.Xml.XmlReader reader) [0x0002e] in <8828724d1b084285bb39598572eba5ed>:0 
  at System.Xml.XmlDocument.Load (System.String filename) [0x00013] in <8828724d1b084285bb39598572eba5ed>:0 
  at Lang_Bot.SetLanguage (System.String path, System.String language) [0x00005] in <790bf1e347f6440fa2ce9696a3f58470>:0 
  at Lang_Bot..ctor (System.String path, System.String language) [0x00006] in <790bf1e347f6440fa2ce9696a3f58470>:0 
  at Tutorial.Start () [0x00023] in <790bf1e347f6440fa2ce9696a3f58470>:0 

DirectoryNotFoundException: Could not find a part of the path "/home/dae/.config/unity3d/Unitystation/unitystation/StreamingAssets/languages/Lang_Bot_French.xml".
  at System.IO.FileStream..ctor (System.String path, System.IO.FileMode mode, System.IO.FileAccess access, System.IO.FileShare share, System.Int32 bufferSize, System.Boolean anonymous, System.IO.FileOptions options) [0x00164] in <b0b74789f1894dcc9a389d6f5a51da7d>:0 
  at System.IO.FileStream..ctor (System.String path, System.IO.FileMode mode, System.IO.FileAccess access, System.IO.FileShare share, System.Int32 bufferSize) [0x00000] in <b0b74789f1894dcc9a389d6f5a51da7d>:0 
  at (wrapper remoting-invoke-with-check) System.IO.FileStream..ctor(string,System.IO.FileMode,System.IO.FileAccess,System.IO.FileShare,int)
  at System.Xml.XmlDownloadManager.GetStream (System.Uri uri, System.Net.ICredentials credentials, System.Net.IWebProxy proxy, System.Net.Cache.RequestCachePolicy cachePolicy) [0x00018] in <8828724d1b084285bb39598572eba5ed>:0 
  at System.Xml.XmlUrlResolver.GetEntity (System.Uri absoluteUri, System.String role, System.Type ofObjectToReturn) [0x00032] in <8828724d1b084285bb39598572eba5ed>:0 
  at System.Xml.XmlTextReaderImpl.OpenUrlDelegate (System.Object xmlResolver) [0x0000c] in <8828724d1b084285bb39598572eba5ed>:0 
  at System.Xml.XmlTextReaderImpl.OpenUrl () [0x0005e] in <8828724d1b084285bb39598572eba5ed>:0 
  at System.Xml.XmlTextReaderImpl.Read () [0x00093] in <8828724d1b084285bb39598572eba5ed>:0 
  at System.Xml.XmlLoader.Load (System.Xml.XmlDocument doc, System.Xml.XmlReader reader, System.Boolean preserveWhitespace) [0x000a6] in <8828724d1b084285bb39598572eba5ed>:0 
  at System.Xml.XmlDocument.Load (System.Xml.XmlReader reader) [0x0002e] in <8828724d1b084285bb39598572eba5ed>:0 
  at System.Xml.XmlDocument.Load (System.String filename) [0x00013] in <8828724d1b084285bb39598572eba5ed>:0 
  at Lang_Bot.SetLanguage (System.String path, System.String language) [0x00005] in <790bf1e347f6440fa2ce9696a3f58470>:0 
  at Lang_Bot..ctor (System.String path, System.String language) [0x00006] in <790bf1e347f6440fa2ce9696a3f58470>:0 
  at Tutorial.Start () [0x00023] in <790bf1e347f6440fa2ce9696a3f58470>:0 

DirectoryNotFoundException: Could not find a part of the path "/home/dae/.config/unity3d/Unitystation/unitystation/StreamingAssets/languages/Lang_Bot_French.xml".
  at System.IO.FileStream..ctor (System.String path, System.IO.FileMode mode, System.IO.FileAccess access, System.IO.FileShare share, System.Int32 bufferSize, System.Boolean anonymous, System.IO.FileOptions options) [0x00164] in <b0b74789f1894dcc9a389d6f5a51da7d>:0 
  at System.IO.FileStream..ctor (System.String path, System.IO.FileMode mode, System.IO.FileAccess access, System.IO.FileShare share, System.Int32 bufferSize) [0x00000] in <b0b74789f1894dcc9a389d6f5a51da7d>:0 
  at (wrapper remoting-invoke-with-check) System.IO.FileStream..ctor(string,System.IO.FileMode,System.IO.FileAccess,System.IO.FileShare,int)
  at System.Xml.XmlDownloadManager.GetStream (System.Uri uri, System.Net.ICredentials credentials, System.Net.IWebProxy proxy, System.Net.Cache.RequestCachePolicy cachePolicy) [0x00018] in <8828724d1b084285bb39598572eba5ed>:0 
  at System.Xml.XmlUrlResolver.GetEntity (System.Uri absoluteUri, System.String role, System.Type ofObjectToReturn) [0x00032] in <8828724d1b084285bb39598572eba5ed>:0 
  at System.Xml.XmlTextReaderImpl.OpenUrlDelegate (System.Object xmlResolver) [0x0000c] in <8828724d1b084285bb39598572eba5ed>:0 
  at System.Xml.XmlTextReaderImpl.OpenUrl () [0x0005e] in <8828724d1b084285bb39598572eba5ed>:0 
  at System.Xml.XmlTextReaderImpl.Read () [0x00093] in <8828724d1b084285bb39598572eba5ed>:0 
  at System.Xml.XmlLoader.Load (System.Xml.XmlDocument doc, System.Xml.XmlReader reader, System.Boolean preserveWhitespace) [0x000a6] in <8828724d1b084285bb39598572eba5ed>:0 
  at System.Xml.XmlDocument.Load (System.Xml.XmlReader reader) [0x0002e] in <8828724d1b084285bb39598572eba5ed>:0 
  at System.Xml.XmlDocument.Load (System.String filename) [0x00013] in <8828724d1b084285bb39598572eba5ed>:0 
  at Lang_Bot.SetLanguage (System.String path, System.String language) [0x00005] in <790bf1e347f6440fa2ce9696a3f58470>:0 
  at Lang_Bot..ctor (System.String path, System.String language) [0x00006] in <790bf1e347f6440fa2ce9696a3f58470>:0 
  at Tutorial.Start () [0x00023] in <790bf1e347f6440fa2ce9696a3f58470>:0 

NullReferenceException: Object reference not set to an instance of an object
  at RegisterTile.OnStartServer () [0x0000b] in <790bf1e347f6440fa2ce9696a3f58470>:0 
  at Mirror.NetworkIdentity.OnStartServer () [0x00071] in <046285e016ad4303bec1d6ec601a6f9e>:0 
UnityEngine.DebugLogHandler:Internal_LogException(Exception, Object)
UnityEngine.DebugLogHandler:LogException(Exception, Object)
UnityEngine.Logger:LogException(Exception, Object)
UnityEngine.Debug:LogException(Exception, Object)
Mirror.NetworkIdentity:OnStartServer()
Mirror.NetworkServer:SpawnObject(GameObject, NetworkConnection)
Mirror.NetworkServer:Spawn(GameObject, NetworkConnection)
Mirror.NetworkServer:SpawnObjects()
<LoadSubScene>d__52:MoveNext()
UnityEngine.SetupCoroutine:InvokeMoveNext(IEnumerator, IntPtr)

NullReferenceException: Object reference not set to an instance of an object
  at RegisterTile.OnStartServer () [0x0000b] in <790bf1e347f6440fa2ce9696a3f58470>:0 
  at Mirror.NetworkIdentity.OnStartServer () [0x00071] in <046285e016ad4303bec1d6ec601a6f9e>:0 
UnityEngine.DebugLogHandler:Internal_LogException(Exception, Object)
UnityEngine.DebugLogHandler:LogException(Exception, Object)
UnityEngine.Logger:LogException(Exception, Object)
UnityEngine.Debug:LogException(Exception, Object)
Mirror.NetworkIdentity:OnStartServer()
Mirror.NetworkServer:SpawnObject(GameObject, NetworkConnection)
Mirror.NetworkServer:Spawn(GameObject, NetworkConnection)
Mirror.NetworkServer:SpawnObjects()
<LoadSubScene>d__52:MoveNext()
UnityEngine.SetupCoroutine:InvokeMoveNext(IEnumerator, IntPtr)

NullReferenceException: Object reference not set to an instance of an object
  at RegisterTile.OnStartServer () [0x0000b] in <790bf1e347f6440fa2ce9696a3f58470>:0 
  at Mirror.NetworkIdentity.OnStartServer () [0x00071] in <046285e016ad4303bec1d6ec601a6f9e>:0 
UnityEngine.DebugLogHandler:Internal_LogException(Exception, Object)
UnityEngine.DebugLogHandler:LogException(Exception, Object)
UnityEngine.Logger:LogException(Exception, Object)
UnityEngine.Debug:LogException(Exception, Object)
Mirror.NetworkIdentity:OnStartServer()
Mirror.NetworkServer:SpawnObject(GameObject, NetworkConnection)
Mirror.NetworkServer:Spawn(GameObject, NetworkConnection)
Mirror.NetworkServer:SpawnObjects()
<LoadSubScene>d__52:MoveNext()
UnityEngine.SetupCoroutine:InvokeMoveNext(IEnumerator, IntPtr)

NullReferenceException: Object reference not set to an instance of an object
  at MatrixInfo.get_ObjectParent () [0x00000] in <790bf1e347f6440fa2ce9696a3f58470>:0 
  at MatrixManager.GetDefaultParent (System.Nullable`1[T] position, System.Boolean isServer) [0x0000e] in <790bf1e347f6440fa2ce9696a3f58470>:0 
  at SpawnDestination.DefaultParent (UnityEngine.Transform parent, System.Nullable`1[T] worldPos) [0x00009] in <790bf1e347f6440fa2ce9696a3f58470>:0 
  at SpawnDestination.At (System.Nullable`1[T] worldPosition, UnityEngine.Transform parent, System.Nullable`1[T] rotation, System.Boolean cancelIfImpassable, UniversalObjectPhysics sharePosition) [0x00011] in <790bf1e347f6440fa2ce9696a3f58470>:0 
  at Spawn.ServerPrefab (UnityEngine.GameObject prefab, System.Nullable`1[T] worldPosition, UnityEngine.Transform parent, System.Nullable`1[T] localRotation, System.Int32 count, System.Nullable`1[T] scatterRadius, System.Boolean cancelIfImpassable, System.Boolean spawnItems, System.Boolean AutoOnSpawnServerHook, UniversalObjectPhysics sharePosition, System.Boolean mapspawn, System.Boolean PrePickRandom) [0x00008] in <790bf1e347f6440fa2ce9696a3f58470>:0 
  at Items.PDA.PDALogic.Start () [0x00061] in <790bf1e347f6440fa2ce9696a3f58470>:0 

Broadcasting a ScenesLoadedServer event
LavaLandMatrix not found!
Centcom docking point is null, this should only happen if theres no centcom scene
Can't find command: #Character
Can't find command: #JoinNow
NullReferenceException: Object reference not set to an instance of an object
  at Tutorial.Message (UnityEngine.GameObject GO) [0x00023] in <790bf1e347f6440fa2ce9696a3f58470>:0 
  at TutoActionPhase.SpawnTutoBot () [0x0009d] in <790bf1e347f6440fa2ce9696a3f58470>:0 
  at TutoActionPhase.OnTriggerEnter2D (UnityEngine.Collider2D collider) [0x00033] in <790bf1e347f6440fa2ce9696a3f58470>:0 

ID hasn't been set for $Ghost(Clone) (UnityEngine.Transform).
ID hasn't been set for $Ghost(Clone) (UnityEngine.Transform).
NullReferenceException: Object reference not set to an instance of an object
  at Tutorial.Message (UnityEngine.GameObject GO) [0x00023] in <790bf1e347f6440fa2ce9696a3f58470>:0 
  at TutoBot.FixedUpdate () [0x000ae] in <790bf1e347f6440fa2ce9696a3f58470>:0 

NullReferenceException: Object reference not set to an instance of an object
  at Tutorial.Message (UnityEngine.GameObject GO) [0x00023] in <790bf1e347f6440fa2ce9696a3f58470>:0 
  at TutoBot.FixedUpdate () [0x000ae] in <790bf1e347f6440fa2ce9696a3f58470>:0 

NullReferenceException: Object reference not set to an instance of an object
  at Tutorial.Message (UnityEngine.GameObject GO) [0x00023] in <790bf1e347f6440fa2ce9696a3f58470>:0 
  at TutoBot.FixedUpdate () [0x000ae] in <790bf1e347f6440fa2ce9696a3f58470>:0 

Broadcasting a ChatQuickUnfocus event
NullReferenceException: Object reference not set to an instance of an object
  at Tutorial.Message (UnityEngine.GameObject GO) [0x00023] in <790bf1e347f6440fa2ce9696a3f58470>:0 
  at TutoBot.FixedUpdate () [0x000ae] in <790bf1e347f6440fa2ce9696a3f58470>:0 

Can't find command: #ClicOnTutorialBot
NullReferenceException: Object reference not set to an instance of an object
  at Tutorial.Message (UnityEngine.GameObject GO) [0x00023] in <790bf1e347f6440fa2ce9696a3f58470>:0 
  at TutoBot.FixedUpdate () [0x000ae] in <790bf1e347f6440fa2ce9696a3f58470>:0 

NullReferenceException: Object reference not set to an instance of an object
  at Tutorial.Message (UnityEngine.GameObject GO) [0x00023] in <790bf1e347f6440fa2ce9696a3f58470>:0 
  at TutoBot.FixedUpdate () [0x000ae] in <790bf1e347f6440fa2ce9696a3f58470>:0 

NullReferenceException: Object reference not set to an instance of an object
  at Tutorial.Message (UnityEngine.GameObject GO) [0x00023] in <790bf1e347f6440fa2ce9696a3f58470>:0 
  at TutoBot.FixedUpdate () [0x000ae] in <790bf1e347f6440fa2ce9696a3f58470>:0 

NullReferenceException: Object reference not set to an instance of an object
  at Tutorial.Message (UnityEngine.GameObject GO) [0x00023] in <790bf1e347f6440fa2ce9696a3f58470>:0 
  at TutoBot.FixedUpdate () [0x000ae] in <790bf1e347f6440fa2ce9696a3f58470>:0 

NullReferenceException: Object reference not set to an instance of an object
  at Tutorial.Message (UnityEngine.GameObject GO) [0x00023] in <790bf1e347f6440fa2ce9696a3f58470>:0 
  at TutoBot.FixedUpdate () [0x000ae] in <790bf1e347f6440fa2ce9696a3f58470>:0 

Broadcasting a ChatQuickUnfocus event
Can't find command: #ID
NullReferenceException: Object reference not set to an instance of an object
  at Tutorial.Message (UnityEngine.GameObject GO) [0x00023] in <790bf1e347f6440fa2ce9696a3f58470>:0 
  at TutoActionPhase.OnTriggerEnter2D (UnityEngine.Collider2D collider) [0x00027] in <790bf1e347f6440fa2ce9696a3f58470>:0 

Can't find command: #Door
NullReferenceException: Object reference not set to an instance of an object
  at Tutorial.Message (UnityEngine.GameObject GO) [0x00023] in <790bf1e347f6440fa2ce9696a3f58470>:0 
  at TutoActionPhase.OnTriggerEnter2D (UnityEngine.Collider2D collider) [0x00027] in <790bf1e347f6440fa2ce9696a3f58470>:0 

Can't find command: #PDA
NullReferenceException: Object reference not set to an instance of an object
  at Tutorial.Message (UnityEngine.GameObject GO) [0x00023] in <790bf1e347f6440fa2ce9696a3f58470>:0 
  at TutoActionPhase.OnTriggerEnter2D (UnityEngine.Collider2D collider) [0x00027] in <790bf1e347f6440fa2ce9696a3f58470>:0 

NullReferenceException: Object reference not set to an instance of an object
  at Tutorial.Message (UnityEngine.GameObject GO) [0x00023] in <790bf1e347f6440fa2ce9696a3f58470>:0 
  at TutoActionPhase.OnTriggerEnter2D (UnityEngine.Collider2D collider) [0x00027] in <790bf1e347f6440fa2ce9696a3f58470>:0 

NullReferenceException: Object reference not set to an instance of an object
  at Tutorial.Message (UnityEngine.GameObject GO) [0x00023] in <790bf1e347f6440fa2ce9696a3f58470>:0 
  at TutoActionPhase.OnTriggerEnter2D (UnityEngine.Collider2D collider) [0x00027] in <790bf1e347f6440fa2ce9696a3f58470>:0 

NullReferenceException: Object reference not set to an instance of an object
  at Tutorial.Message (UnityEngine.GameObject GO) [0x00023] in <790bf1e347f6440fa2ce9696a3f58470>:0 
  at TutoBot.FixedUpdate () [0x000ae] in <790bf1e347f6440fa2ce9696a3f58470>:0 

Can't find command: #NoLight
NullReferenceException: Object reference not set to an instance of an object
  at Tutorial.Message (UnityEngine.GameObject GO) [0x00023] in <790bf1e347f6440fa2ce9696a3f58470>:0 
  at TutoActionPhase.OnTriggerEnter2D (UnityEngine.Collider2D collider) [0x00027] in <790bf1e347f6440fa2ce9696a3f58470>:0 

NullReferenceException: Object reference not set to an instance of an object
  at Tutorial.Message (UnityEngine.GameObject GO) [0x00023] in <790bf1e347f6440fa2ce9696a3f58470>:0 
  at TutoActionPhase.OnTriggerEnter2D (UnityEngine.Collider2D collider) [0x00027] in <790bf1e347f6440fa2ce9696a3f58470>:0 

NullReferenceException: Object reference not set to an instance of an object
  at Tutorial.Message (UnityEngine.GameObject GO) [0x00023] in <790bf1e347f6440fa2ce9696a3f58470>:0 
  at TutoActionPhase.OnTriggerEnter2D (UnityEngine.Collider2D collider) [0x00027] in <790bf1e347f6440fa2ce9696a3f58470>:0 

Sprite catalogue index '0' is out of bounds on CustomisationSprites (UnityEngine.GameObject).
NullReferenceException: Object reference not set to an instance of an object
  at Tutorial.Message (UnityEngine.GameObject GO) [0x00023] in <790bf1e347f6440fa2ce9696a3f58470>:0 
  at TutoActionPhase.OnTriggerEnter2D (UnityEngine.Collider2D collider) [0x00027] in <790bf1e347f6440fa2ce9696a3f58470>:0 

Can't find command: #CO2
Can't find command: #bar
NullReferenceException: Object reference not set to an instance of an object
  at Tutorial.Message (UnityEngine.GameObject GO) [0x00023] in <790bf1e347f6440fa2ce9696a3f58470>:0 
  at TutoActionPhase.OnTriggerEnter2D (UnityEngine.Collider2D collider) [0x00027] in <790bf1e347f6440fa2ce9696a3f58470>:0 

Can't find command: #exit
NullReferenceException: Object reference not set to an instance of an object
  at Tutorial.Message (UnityEngine.GameObject GO) [0x00023] in <790bf1e347f6440fa2ce9696a3f58470>:0 
  at TutoActionPhase.OnTriggerEnter2D (UnityEngine.Collider2D collider) [0x00027] in <790bf1e347f6440fa2ce9696a3f58470>:0 

Client disconnected from the server.
[Server] function 'System.Void DynamicItemStorage::Remove(IDynamicItemSlotS)' called when server was not active
[Server] function 'System.Void DynamicItemStorage::Remove(IDynamicItemSlotS)' called when server was not active
[Server] function 'System.Void DynamicItemStorage::Remove(IDynamicItemSlotS)' called when server was not active
[Server] function 'System.Void DynamicItemStorage::Remove(IDynamicItemSlotS)' called when server was not active
[Server] function 'System.Void DynamicItemStorage::Remove(IDynamicItemSlotS)' called when server was not active
[Server] function 'System.Void DynamicItemStorage::Remove(IDynamicItemSlotS)' called when server was not active
[Server] function 'System.Void DynamicItemStorage::Remove(IDynamicItemSlotS)' called when server was not active
Unloading 5 Unused Serialized files (Serialized files now loaded: 2)
[Server] function 'System.Void Player.GhostOrbit::StopOrbiting()' called when server was not active
UnloadTime: 12.844351 ms
NullReferenceException: Object reference not set to an instance of an object
  at UI.Systems.Ghost.UI_GhostOptions.DetermineGhostHearText () [0x0000b] in <790bf1e347f6440fa2ce9696a3f58470>:0 
  at UI.Systems.Ghost.UI_GhostOptions.OnEnable () [0x0002e] in <790bf1e347f6440fa2ce9696a3f58470>:0 

Unloading 322 unused Assets to reduce memory usage. Loaded Objects now: 357515.
Total: 414.421702 ms (FindLiveObjects: 18.948774 ms CreateObjectMapping: 46.667306 ms MarkObjects: 347.786910 ms  DeleteObjects: 1.017957 ms)

Unloading 5 Unused Serialized files (Serialized files now loaded: 2)
UnloadTime: 20.151796 ms
NullReferenceException: Object reference not set to an instance of an object
  at UI.Systems.Ghost.UI_GhostOptions.DetermineGhostHearText () [0x0000b] in <790bf1e347f6440fa2ce9696a3f58470>:0 
  at UI.Systems.Ghost.UI_GhostOptions.OnEnable () [0x0002e] in <790bf1e347f6440fa2ce9696a3f58470>:0 

Unloading 16 unused Assets to reduce memory usage. Loaded Objects now: 357515.
Total: 396.206367 ms (FindLiveObjects: 18.889997 ms CreateObjectMapping: 38.298982 ms MarkObjects: 338.428517 ms  DeleteObjects: 0.588184 ms)

Unloading 0 Unused Serialized files (Serialized files now loaded: 2)
Unloading 0 unused Assets to reduce memory usage. Loaded Objects now: 357515.
Total: 405.675504 ms (FindLiveObjects: 20.052428 ms CreateObjectMapping: 39.185769 ms MarkObjects: 345.875557 ms  DeleteObjects: 0.560990 ms)

Unloading 0 Unused Serialized files (Serialized files now loaded: 2)
Unloading 0 unused Assets to reduce memory usage. Loaded Objects now: 357515.
Total: 384.933771 ms (FindLiveObjects: 19.527550 ms CreateObjectMapping: 39.949647 ms MarkObjects: 324.890132 ms  DeleteObjects: 0.565455 ms)

